<?xml version="1.0" encoding="UTF-8"?>
<testsuite xmlns:xsi="http://www.w3.org/2001/XMLSchema-instance" xsi:noNamespaceSchemaLocation="https://maven.apache.org/surefire/maven-surefire-plugin/xsd/surefire-test-report.xsd" version="3.0.2" name="net.javaguide.Food_Ordering_Application.FoodOrderingApplicationTests" time="4.128" tests="1" errors="0" skipped="0" failures="0">
  <properties>
[...]
</properties>
  <testcase name="contextLoads" classname="net.javaguide.Food_Ordering_Application.FoodOrderingApplicationTests" time="0.355">
    <system-out><![CDATA[18:32:13.798 [main] INFO org.springframework.test.context.support.AnnotationConfigContextLoaderUtils -- Could not detect default configuration classes for test class [net.javaguide.Food_Ordering_Application.FoodOrderingApplicationTests]: FoodOrderingApplicationTests does not declare any static, non-private, non-final, nested classes annotated with @Configuration.
18:32:13.866 [main] INFO org.springframework.boot.test.context.SpringBootTestContextBootstrapper -- Found @SpringBootConfiguration net.javaguide.Food_Ordering_Application.FoodOrderingApplication for test class net.javaguide.Food_Ordering_Application.FoodOrderingApplicationTests
18:32:13.969 [main] INFO org.springframework.boot.devtools.restart.RestartApplicationListener -- Restart disabled due to context in which it is running

  .   ____          _            __ _ _
 /\\ / ___'_ __ _ _(_)_ __  __ _ \ \ \ \
( ( )\___ | '_ | '_| | '_ \/ _` | \ \ \ \
 \\/  ___)| |_)| | | | | || (_| |  ) ) ) )
  '  |____| .__|_| |_|_| |_\__, | / / / /
 =========|_|==============|___/=/_/_/_/

 :: Spring Boot ::                (v3.4.1)

2025-11-15T18:32:14.207+05:30  INFO 25467 --- [Food-Ordering-Application] [           main] n.j.F.FoodOrderingApplicationTests       : Starting FoodOrderingApplicationTests using Java 22.0.2 with PID 25467 (started by pasindumallawarachchi in /Users/pasindumallawarachchi/Documents/NonAcadamic/MainProjects/Springboot/Food-Ordering-Application)
2025-11-15T18:32:14.209+05:30  INFO 25467 --- [Food-Ordering-Application] [           main] n.j.F.FoodOrderingApplicationTests       : No active profile set, falling back to 1 default profile: "default"
2025-11-15T18:32:14.794+05:30  INFO 25467 --- [Food-Ordering-Application] [           main] .s.d.r.c.RepositoryConfigurationDelegate : Bootstrapping Spring Data JPA repositories in DEFAULT mode.
2025-11-15T18:32:14.857+05:30  INFO 25467 --- [Food-Ordering-Application] [           main] .s.d.r.c.RepositoryConfigurationDelegate : Finished Spring Data repository scanning in 56 ms. Found 2 JPA repository interfaces.
2025-11-15T18:32:15.263+05:30  INFO 25467 --- [Food-Ordering-Application] [           main] o.hibernate.jpa.internal.util.LogHelper  : HHH000204: Processing PersistenceUnitInfo [name: default]
2025-11-15T18:32:15.299+05:30  INFO 25467 --- [Food-Ordering-Application] [           main] org.hibernate.Version                    : HHH000412: Hibernate ORM core version 6.6.4.Final
2025-11-15T18:32:15.320+05:30  INFO 25467 --- [Food-Ordering-Application] [           main] o.h.c.internal.RegionFactoryInitiator    : HHH000026: Second-level cache disabled
2025-11-15T18:32:15.378+05:30 DEBUG 25467 --- [Food-Ordering-Application] [           main] org.hibernate.type.BasicTypeRegistry     : Adding type registration boolean -> org.hibernate.type.BasicTypeReference@2ca54da9
2025-11-15T18:32:15.378+05:30 DEBUG 25467 --- [Food-Ordering-Application] [           main] org.hibernate.type.BasicTypeRegistry     : Adding type registration boolean -> org.hibernate.type.BasicTypeReference@2ca54da9
2025-11-15T18:32:15.378+05:30 DEBUG 25467 --- [Food-Ordering-Application] [           main] org.hibernate.type.BasicTypeRegistry     : Adding type registration java.lang.Boolean -> org.hibernate.type.BasicTypeReference@2ca54da9
2025-11-15T18:32:15.378+05:30 DEBUG 25467 --- [Food-Ordering-Application] [           main] org.hibernate.type.BasicTypeRegistry     : Adding type registration numeric_boolean -> org.hibernate.type.BasicTypeReference@34a20f16
2025-11-15T18:32:15.378+05:30 DEBUG 25467 --- [Food-Ordering-Application] [           main] org.hibernate.type.BasicTypeRegistry     : Adding type registration org.hibernate.type.NumericBooleanConverter -> org.hibernate.type.BasicTypeReference@34a20f16
2025-11-15T18:32:15.378+05:30 DEBUG 25467 --- [Food-Ordering-Application] [           main] org.hibernate.type.BasicTypeRegistry     : Adding type registration true_false -> org.hibernate.type.BasicTypeReference@496cc217
2025-11-15T18:32:15.378+05:30 DEBUG 25467 --- [Food-Ordering-Application] [           main] org.hibernate.type.BasicTypeRegistry     : Adding type registration org.hibernate.type.TrueFalseConverter -> org.hibernate.type.BasicTypeReference@496cc217
2025-11-15T18:32:15.378+05:30 DEBUG 25467 --- [Food-Ordering-Application] [           main] org.hibernate.type.BasicTypeRegistry     : Adding type registration yes_no -> org.hibernate.type.BasicTypeReference@1a1c21b4
2025-11-15T18:32:15.379+05:30 DEBUG 25467 --- [Food-Ordering-Application] [           main] org.hibernate.type.BasicTypeRegistry     : Adding type registration org.hibernate.type.YesNoConverter -> org.hibernate.type.BasicTypeReference@1a1c21b4
2025-11-15T18:32:15.379+05:30 DEBUG 25467 --- [Food-Ordering-Application] [           main] org.hibernate.type.BasicTypeRegistry     : Adding type registration byte -> org.hibernate.type.BasicTypeReference@1cd2ff5b
2025-11-15T18:32:15.379+05:30 DEBUG 25467 --- [Food-Ordering-Application] [           main] org.hibernate.type.BasicTypeRegistry     : Adding type registration byte -> org.hibernate.type.BasicTypeReference@1cd2ff5b
2025-11-15T18:32:15.379+05:30 DEBUG 25467 --- [Food-Ordering-Application] [           main] org.hibernate.type.BasicTypeRegistry     : Adding type registration java.lang.Byte -> org.hibernate.type.BasicTypeReference@1cd2ff5b
2025-11-15T18:32:15.379+05:30 DEBUG 25467 --- [Food-Ordering-Application] [           main] org.hibernate.type.BasicTypeRegistry     : Adding type registration binary -> org.hibernate.type.BasicTypeReference@38ac8968
2025-11-15T18:32:15.379+05:30 DEBUG 25467 --- [Food-Ordering-Application] [           main] org.hibernate.type.BasicTypeRegistry     : Adding type registration byte[] -> org.hibernate.type.BasicTypeReference@38ac8968
2025-11-15T18:32:15.379+05:30 DEBUG 25467 --- [Food-Ordering-Application] [           main] org.hibernate.type.BasicTypeRegistry     : Adding type registration [B -> org.hibernate.type.BasicTypeReference@38ac8968
2025-11-15T18:32:15.379+05:30 DEBUG 25467 --- [Food-Ordering-Application] [           main] org.hibernate.type.BasicTypeRegistry     : Adding type registration binary_wrapper -> org.hibernate.type.BasicTypeReference@17ff8810
2025-11-15T18:32:15.379+05:30 DEBUG 25467 --- [Food-Ordering-Application] [           main] org.hibernate.type.BasicTypeRegistry     : Adding type registration wrapper-binary -> org.hibernate.type.BasicTypeReference@17ff8810
2025-11-15T18:32:15.380+05:30 DEBUG 25467 --- [Food-Ordering-Application] [           main] org.hibernate.type.BasicTypeRegistry     : Adding type registration image -> org.hibernate.type.BasicTypeReference@6c951ada
2025-11-15T18:32:15.380+05:30 DEBUG 25467 --- [Food-Ordering-Application] [           main] org.hibernate.type.BasicTypeRegistry     : Adding type registration blob -> org.hibernate.type.BasicTypeReference@67b61834
2025-11-15T18:32:15.380+05:30 DEBUG 25467 --- [Food-Ordering-Application] [           main] org.hibernate.type.BasicTypeRegistry     : Adding type registration java.sql.Blob -> org.hibernate.type.BasicTypeReference@67b61834
2025-11-15T18:32:15.380+05:30 DEBUG 25467 --- [Food-Ordering-Application] [           main] org.hibernate.type.BasicTypeRegistry     : Adding type registration materialized_blob -> org.hibernate.type.BasicTypeReference@3b0d3a63
2025-11-15T18:32:15.380+05:30 DEBUG 25467 --- [Food-Ordering-Application] [           main] org.hibernate.type.BasicTypeRegistry     : Adding type registration materialized_blob_wrapper -> org.hibernate.type.BasicTypeReference@50598a1a
2025-11-15T18:32:15.380+05:30 DEBUG 25467 --- [Food-Ordering-Application] [           main] org.hibernate.type.BasicTypeRegistry     : Adding type registration short -> org.hibernate.type.BasicTypeReference@14de1901
2025-11-15T18:32:15.380+05:30 DEBUG 25467 --- [Food-Ordering-Application] [           main] org.hibernate.type.BasicTypeRegistry     : Adding type registration short -> org.hibernate.type.BasicTypeReference@14de1901
2025-11-15T18:32:15.380+05:30 DEBUG 25467 --- [Food-Ordering-Application] [           main] org.hibernate.type.BasicTypeRegistry     : Adding type registration java.lang.Short -> org.hibernate.type.BasicTypeReference@14de1901
2025-11-15T18:32:15.380+05:30 DEBUG 25467 --- [Food-Ordering-Application] [           main] org.hibernate.type.BasicTypeRegistry     : Adding type registration integer -> org.hibernate.type.BasicTypeReference@437ed416
2025-11-15T18:32:15.381+05:30 DEBUG 25467 --- [Food-Ordering-Application] [           main] org.hibernate.type.BasicTypeRegistry     : Adding type registration int -> org.hibernate.type.BasicTypeReference@437ed416
2025-11-15T18:32:15.381+05:30 DEBUG 25467 --- [Food-Ordering-Application] [           main] org.hibernate.type.BasicTypeRegistry     : Adding type registration java.lang.Integer -> org.hibernate.type.BasicTypeReference@437ed416
2025-11-15T18:32:15.381+05:30 DEBUG 25467 --- [Food-Ordering-Application] [           main] org.hibernate.type.BasicTypeRegistry     : Adding type registration long -> org.hibernate.type.BasicTypeReference@11f23038
2025-11-15T18:32:15.381+05:30 DEBUG 25467 --- [Food-Ordering-Application] [           main] org.hibernate.type.BasicTypeRegistry     : Adding type registration long -> org.hibernate.type.BasicTypeReference@11f23038
2025-11-15T18:32:15.381+05:30 DEBUG 25467 --- [Food-Ordering-Application] [           main] org.hibernate.type.BasicTypeRegistry     : Adding type registration java.lang.Long -> org.hibernate.type.BasicTypeReference@11f23038
2025-11-15T18:32:15.381+05:30 DEBUG 25467 --- [Food-Ordering-Application] [           main] org.hibernate.type.BasicTypeRegistry     : Adding type registration float -> org.hibernate.type.BasicTypeReference@de77146
2025-11-15T18:32:15.382+05:30 DEBUG 25467 --- [Food-Ordering-Application] [           main] org.hibernate.type.BasicTypeRegistry     : Adding type registration float -> org.hibernate.type.BasicTypeReference@de77146
2025-11-15T18:32:15.382+05:30 DEBUG 25467 --- [Food-Ordering-Application] [           main] org.hibernate.type.BasicTypeRegistry     : Adding type registration java.lang.Float -> org.hibernate.type.BasicTypeReference@de77146
2025-11-15T18:32:15.382+05:30 DEBUG 25467 --- [Food-Ordering-Application] [           main] org.hibernate.type.BasicTypeRegistry     : Adding type registration double -> org.hibernate.type.BasicTypeReference@691567ea
2025-11-15T18:32:15.382+05:30 DEBUG 25467 --- [Food-Ordering-Application] [           main] org.hibernate.type.BasicTypeRegistry     : Adding type registration double -> org.hibernate.type.BasicTypeReference@691567ea
2025-11-15T18:32:15.382+05:30 DEBUG 25467 --- [Food-Ordering-Application] [           main] org.hibernate.type.BasicTypeRegistry     : Adding type registration java.lang.Double -> org.hibernate.type.BasicTypeReference@691567ea
2025-11-15T18:32:15.382+05:30 DEBUG 25467 --- [Food-Ordering-Application] [           main] org.hibernate.type.BasicTypeRegistry     : Adding type registration big_integer -> org.hibernate.type.BasicTypeReference@5cfed0ba
2025-11-15T18:32:15.382+05:30 DEBUG 25467 --- [Food-Ordering-Application] [           main] org.hibernate.type.BasicTypeRegistry     : Adding type registration java.math.BigInteger -> org.hibernate.type.BasicTypeReference@5cfed0ba
2025-11-15T18:32:15.382+05:30 DEBUG 25467 --- [Food-Ordering-Application] [           main] org.hibernate.type.BasicTypeRegistry     : Adding type registration big_decimal -> org.hibernate.type.BasicTypeReference@5c8d58ed
2025-11-15T18:32:15.383+05:30 DEBUG 25467 --- [Food-Ordering-Application] [           main] org.hibernate.type.BasicTypeRegistry     : Adding type registration java.math.BigDecimal -> org.hibernate.type.BasicTypeReference@5c8d58ed
2025-11-15T18:32:15.383+05:30 DEBUG 25467 --- [Food-Ordering-Application] [           main] org.hibernate.type.BasicTypeRegistry     : Adding type registration character -> org.hibernate.type.BasicTypeReference@6a567f7b
2025-11-15T18:32:15.383+05:30 DEBUG 25467 --- [Food-Ordering-Application] [           main] org.hibernate.type.BasicTypeRegistry     : Adding type registration char -> org.hibernate.type.BasicTypeReference@6a567f7b
2025-11-15T18:32:15.383+05:30 DEBUG 25467 --- [Food-Ordering-Application] [           main] org.hibernate.type.BasicTypeRegistry     : Adding type registration java.lang.Character -> org.hibernate.type.BasicTypeReference@6a567f7b
2025-11-15T18:32:15.383+05:30 DEBUG 25467 --- [Food-Ordering-Application] [           main] org.hibernate.type.BasicTypeRegistry     : Adding type registration character_nchar -> org.hibernate.type.BasicTypeReference@28be7fec
2025-11-15T18:32:15.383+05:30 DEBUG 25467 --- [Food-Ordering-Application] [           main] org.hibernate.type.BasicTypeRegistry     : Adding type registration string -> org.hibernate.type.BasicTypeReference@26f0141
2025-11-15T18:32:15.383+05:30 DEBUG 25467 --- [Food-Ordering-Application] [           main] org.hibernate.type.BasicTypeRegistry     : Adding type registration java.lang.String -> org.hibernate.type.BasicTypeReference@26f0141
2025-11-15T18:32:15.383+05:30 DEBUG 25467 --- [Food-Ordering-Application] [           main] org.hibernate.type.BasicTypeRegistry     : Adding type registration nstring -> org.hibernate.type.BasicTypeReference@34136bd1
2025-11-15T18:32:15.383+05:30 DEBUG 25467 --- [Food-Ordering-Application] [           main] org.hibernate.type.BasicTypeRegistry     : Adding type registration characters -> org.hibernate.type.BasicTypeReference@6de7778f
2025-11-15T18:32:15.384+05:30 DEBUG 25467 --- [Food-Ordering-Application] [           main] org.hibernate.type.BasicTypeRegistry     : Adding type registration char[] -> org.hibernate.type.BasicTypeReference@6de7778f
2025-11-15T18:32:15.384+05:30 DEBUG 25467 --- [Food-Ordering-Application] [           main] org.hibernate.type.BasicTypeRegistry     : Adding type registration [C -> org.hibernate.type.BasicTypeReference@6de7778f
2025-11-15T18:32:15.384+05:30 DEBUG 25467 --- [Food-Ordering-Application] [           main] org.hibernate.type.BasicTypeRegistry     : Adding type registration wrapper-characters -> org.hibernate.type.BasicTypeReference@367d34c0
2025-11-15T18:32:15.384+05:30 DEBUG 25467 --- [Food-Ordering-Application] [           main] org.hibernate.type.BasicTypeRegistry     : Adding type registration text -> org.hibernate.type.BasicTypeReference@4ce25e47
2025-11-15T18:32:15.384+05:30 DEBUG 25467 --- [Food-Ordering-Application] [           main] org.hibernate.type.BasicTypeRegistry     : Adding type registration ntext -> org.hibernate.type.BasicTypeReference@6380e9e9
2025-11-15T18:32:15.384+05:30 DEBUG 25467 --- [Food-Ordering-Application] [           main] org.hibernate.type.BasicTypeRegistry     : Adding type registration clob -> org.hibernate.type.BasicTypeReference@350da119
2025-11-15T18:32:15.384+05:30 DEBUG 25467 --- [Food-Ordering-Application] [           main] org.hibernate.type.BasicTypeRegistry     : Adding type registration java.sql.Clob -> org.hibernate.type.BasicTypeReference@350da119
2025-11-15T18:32:15.384+05:30 DEBUG 25467 --- [Food-Ordering-Application] [           main] org.hibernate.type.BasicTypeRegistry     : Adding type registration nclob -> org.hibernate.type.BasicTypeReference@6a09484c
2025-11-15T18:32:15.384+05:30 DEBUG 25467 --- [Food-Ordering-Application] [           main] org.hibernate.type.BasicTypeRegistry     : Adding type registration java.sql.NClob -> org.hibernate.type.BasicTypeReference@6a09484c
2025-11-15T18:32:15.385+05:30 DEBUG 25467 --- [Food-Ordering-Application] [           main] org.hibernate.type.BasicTypeRegistry     : Adding type registration materialized_clob -> org.hibernate.type.BasicTypeReference@34c7232c
2025-11-15T18:32:15.385+05:30 DEBUG 25467 --- [Food-Ordering-Application] [           main] org.hibernate.type.BasicTypeRegistry     : Adding type registration materialized_clob_char_array -> org.hibernate.type.BasicTypeReference@50ec4bfc
2025-11-15T18:32:15.386+05:30 DEBUG 25467 --- [Food-Ordering-Application] [           main] org.hibernate.type.BasicTypeRegistry     : Adding type registration materialized_clob_character_array -> org.hibernate.type.BasicTypeReference@8b13d91
2025-11-15T18:32:15.386+05:30 DEBUG 25467 --- [Food-Ordering-Application] [           main] org.hibernate.type.BasicTypeRegistry     : Adding type registration materialized_nclob -> org.hibernate.type.BasicTypeReference@285a4fe3
2025-11-15T18:32:15.386+05:30 DEBUG 25467 --- [Food-Ordering-Application] [           main] org.hibernate.type.BasicTypeRegistry     : Adding type registration materialized_nclob_character_array -> org.hibernate.type.BasicTypeReference@2589d787
2025-11-15T18:32:15.386+05:30 DEBUG 25467 --- [Food-Ordering-Application] [           main] org.hibernate.type.BasicTypeRegistry     : Adding type registration materialized_nclob_char_array -> org.hibernate.type.BasicTypeReference@1788cb61
2025-11-15T18:32:15.387+05:30 DEBUG 25467 --- [Food-Ordering-Application] [           main] org.hibernate.type.BasicTypeRegistry     : Adding type registration Duration -> org.hibernate.type.BasicTypeReference@16d431b4
2025-11-15T18:32:15.387+05:30 DEBUG 25467 --- [Food-Ordering-Application] [           main] org.hibernate.type.BasicTypeRegistry     : Adding type registration java.time.Duration -> org.hibernate.type.BasicTypeReference@16d431b4
2025-11-15T18:32:15.387+05:30 DEBUG 25467 --- [Food-Ordering-Application] [           main] org.hibernate.type.BasicTypeRegistry     : Adding type registration LocalDateTime -> org.hibernate.type.BasicTypeReference@6c0b51da
2025-11-15T18:32:15.387+05:30 DEBUG 25467 --- [Food-Ordering-Application] [           main] org.hibernate.type.BasicTypeRegistry     : Adding type registration java.time.LocalDateTime -> org.hibernate.type.BasicTypeReference@6c0b51da
2025-11-15T18:32:15.387+05:30 DEBUG 25467 --- [Food-Ordering-Application] [           main] org.hibernate.type.BasicTypeRegistry     : Adding type registration LocalDate -> org.hibernate.type.BasicTypeReference@7558633
2025-11-15T18:32:15.387+05:30 DEBUG 25467 --- [Food-Ordering-Application] [           main] org.hibernate.type.BasicTypeRegistry     : Adding type registration java.time.LocalDate -> org.hibernate.type.BasicTypeReference@7558633
2025-11-15T18:32:15.387+05:30 DEBUG 25467 --- [Food-Ordering-Application] [           main] org.hibernate.type.BasicTypeRegistry     : Adding type registration LocalTime -> org.hibernate.type.BasicTypeReference@5657967b
2025-11-15T18:32:15.387+05:30 DEBUG 25467 --- [Food-Ordering-Application] [           main] org.hibernate.type.BasicTypeRegistry     : Adding type registration java.time.LocalTime -> org.hibernate.type.BasicTypeReference@5657967b
2025-11-15T18:32:15.388+05:30 DEBUG 25467 --- [Food-Ordering-Application] [           main] org.hibernate.type.BasicTypeRegistry     : Adding type registration OffsetDateTime -> org.hibernate.type.BasicTypeReference@61394494
2025-11-15T18:32:15.388+05:30 DEBUG 25467 --- [Food-Ordering-Application] [           main] org.hibernate.type.BasicTypeRegistry     : Adding type registration java.time.OffsetDateTime -> org.hibernate.type.BasicTypeReference@61394494
2025-11-15T18:32:15.388+05:30 DEBUG 25467 --- [Food-Ordering-Application] [           main] org.hibernate.type.BasicTypeRegistry     : Adding type registration OffsetDateTimeWithTimezone -> org.hibernate.type.BasicTypeReference@578a5ce8
2025-11-15T18:32:15.388+05:30 DEBUG 25467 --- [Food-Ordering-Application] [           main] org.hibernate.type.BasicTypeRegistry     : Adding type registration OffsetDateTimeWithoutTimezone -> org.hibernate.type.BasicTypeReference@7c453c34
2025-11-15T18:32:15.388+05:30 DEBUG 25467 --- [Food-Ordering-Application] [           main] org.hibernate.type.BasicTypeRegistry     : Adding type registration OffsetTime -> org.hibernate.type.BasicTypeReference@16cb9989
2025-11-15T18:32:15.388+05:30 DEBUG 25467 --- [Food-Ordering-Application] [           main] org.hibernate.type.BasicTypeRegistry     : Adding type registration java.time.OffsetTime -> org.hibernate.type.BasicTypeReference@16cb9989
2025-11-15T18:32:15.388+05:30 DEBUG 25467 --- [Food-Ordering-Application] [           main] org.hibernate.type.BasicTypeRegistry     : Adding type registration OffsetTimeUtc -> org.hibernate.type.BasicTypeReference@3dfd6220
2025-11-15T18:32:15.388+05:30 DEBUG 25467 --- [Food-Ordering-Application] [           main] org.hibernate.type.BasicTypeRegistry     : Adding type registration OffsetTimeWithTimezone -> org.hibernate.type.BasicTypeReference@3815146b
2025-11-15T18:32:15.388+05:30 DEBUG 25467 --- [Food-Ordering-Application] [           main] org.hibernate.type.BasicTypeRegistry     : Adding type registration OffsetTimeWithoutTimezone -> org.hibernate.type.BasicTypeReference@6de43bc1
2025-11-15T18:32:15.389+05:30 DEBUG 25467 --- [Food-Ordering-Application] [           main] org.hibernate.type.BasicTypeRegistry     : Adding type registration ZonedDateTime -> org.hibernate.type.BasicTypeReference@27a9f025
2025-11-15T18:32:15.389+05:30 DEBUG 25467 --- [Food-Ordering-Application] [           main] org.hibernate.type.BasicTypeRegistry     : Adding type registration java.time.ZonedDateTime -> org.hibernate.type.BasicTypeReference@27a9f025
2025-11-15T18:32:15.389+05:30 DEBUG 25467 --- [Food-Ordering-Application] [           main] org.hibernate.type.BasicTypeRegistry     : Adding type registration ZonedDateTimeWithTimezone -> org.hibernate.type.BasicTypeReference@71936a92
2025-11-15T18:32:15.389+05:30 DEBUG 25467 --- [Food-Ordering-Application] [           main] org.hibernate.type.BasicTypeRegistry     : Adding type registration ZonedDateTimeWithoutTimezone -> org.hibernate.type.BasicTypeReference@61359e87
2025-11-15T18:32:15.390+05:30 DEBUG 25467 --- [Food-Ordering-Application] [           main] org.hibernate.type.BasicTypeRegistry     : Adding type registration date -> org.hibernate.type.BasicTypeReference@2dc39b53
2025-11-15T18:32:15.391+05:30 DEBUG 25467 --- [Food-Ordering-Application] [           main] org.hibernate.type.BasicTypeRegistry     : Adding type registration java.sql.Date -> org.hibernate.type.BasicTypeReference@2dc39b53
2025-11-15T18:32:15.392+05:30 DEBUG 25467 --- [Food-Ordering-Application] [           main] org.hibernate.type.BasicTypeRegistry     : Adding type registration time -> org.hibernate.type.BasicTypeReference@45037e16
2025-11-15T18:32:15.392+05:30 DEBUG 25467 --- [Food-Ordering-Application] [           main] org.hibernate.type.BasicTypeRegistry     : Adding type registration java.sql.Time -> org.hibernate.type.BasicTypeReference@45037e16
2025-11-15T18:32:15.392+05:30 DEBUG 25467 --- [Food-Ordering-Application] [           main] org.hibernate.type.BasicTypeRegistry     : Adding type registration timestamp -> org.hibernate.type.BasicTypeReference@2f2e4bde
2025-11-15T18:32:15.392+05:30 DEBUG 25467 --- [Food-Ordering-Application] [           main] org.hibernate.type.BasicTypeRegistry     : Adding type registration java.sql.Timestamp -> org.hibernate.type.BasicTypeReference@2f2e4bde
2025-11-15T18:32:15.392+05:30 DEBUG 25467 --- [Food-Ordering-Application] [           main] org.hibernate.type.BasicTypeRegistry     : Adding type registration java.util.Date -> org.hibernate.type.BasicTypeReference@2f2e4bde
2025-11-15T18:32:15.392+05:30 DEBUG 25467 --- [Food-Ordering-Application] [           main] org.hibernate.type.BasicTypeRegistry     : Adding type registration calendar -> org.hibernate.type.BasicTypeReference@6222391a
2025-11-15T18:32:15.392+05:30 DEBUG 25467 --- [Food-Ordering-Application] [           main] org.hibernate.type.BasicTypeRegistry     : Adding type registration java.util.Calendar -> org.hibernate.type.BasicTypeReference@6222391a
2025-11-15T18:32:15.392+05:30 DEBUG 25467 --- [Food-Ordering-Application] [           main] org.hibernate.type.BasicTypeRegistry     : Adding type registration java.util.GregorianCalendar -> org.hibernate.type.BasicTypeReference@6222391a
2025-11-15T18:32:15.392+05:30 DEBUG 25467 --- [Food-Ordering-Application] [           main] org.hibernate.type.BasicTypeRegistry     : Adding type registration calendar_date -> org.hibernate.type.BasicTypeReference@538a2f0e
2025-11-15T18:32:15.392+05:30 DEBUG 25467 --- [Food-Ordering-Application] [           main] org.hibernate.type.BasicTypeRegistry     : Adding type registration calendar_time -> org.hibernate.type.BasicTypeReference@d2708a7
2025-11-15T18:32:15.392+05:30 DEBUG 25467 --- [Food-Ordering-Application] [           main] org.hibernate.type.BasicTypeRegistry     : Adding type registration instant -> org.hibernate.type.BasicTypeReference@508ad266
2025-11-15T18:32:15.393+05:30 DEBUG 25467 --- [Food-Ordering-Application] [           main] org.hibernate.type.BasicTypeRegistry     : Adding type registration java.time.Instant -> org.hibernate.type.BasicTypeReference@508ad266
2025-11-15T18:32:15.393+05:30 DEBUG 25467 --- [Food-Ordering-Application] [           main] org.hibernate.type.BasicTypeRegistry     : Adding type registration uuid -> org.hibernate.type.BasicTypeReference@2313db84
2025-11-15T18:32:15.393+05:30 DEBUG 25467 --- [Food-Ordering-Application] [           main] org.hibernate.type.BasicTypeRegistry     : Adding type registration java.util.UUID -> org.hibernate.type.BasicTypeReference@2313db84
2025-11-15T18:32:15.393+05:30 DEBUG 25467 --- [Food-Ordering-Application] [           main] org.hibernate.type.BasicTypeRegistry     : Adding type registration pg-uuid -> org.hibernate.type.BasicTypeReference@2313db84
2025-11-15T18:32:15.393+05:30 DEBUG 25467 --- [Food-Ordering-Application] [           main] org.hibernate.type.BasicTypeRegistry     : Adding type registration uuid-binary -> org.hibernate.type.BasicTypeReference@216372b7
2025-11-15T18:32:15.393+05:30 DEBUG 25467 --- [Food-Ordering-Application] [           main] org.hibernate.type.BasicTypeRegistry     : Adding type registration uuid-char -> org.hibernate.type.BasicTypeReference@14b4340c
2025-11-15T18:32:15.393+05:30 DEBUG 25467 --- [Food-Ordering-Application] [           main] org.hibernate.type.BasicTypeRegistry     : Adding type registration class -> org.hibernate.type.BasicTypeReference@12abcd1e
2025-11-15T18:32:15.393+05:30 DEBUG 25467 --- [Food-Ordering-Application] [           main] org.hibernate.type.BasicTypeRegistry     : Adding type registration java.lang.Class -> org.hibernate.type.BasicTypeReference@12abcd1e
2025-11-15T18:32:15.393+05:30 DEBUG 25467 --- [Food-Ordering-Application] [           main] org.hibernate.type.BasicTypeRegistry     : Adding type registration currency -> org.hibernate.type.BasicTypeReference@2fd9fb34
2025-11-15T18:32:15.393+05:30 DEBUG 25467 --- [Food-Ordering-Application] [           main] org.hibernate.type.BasicTypeRegistry     : Adding type registration Currency -> org.hibernate.type.BasicTypeReference@2fd9fb34
2025-11-15T18:32:15.393+05:30 DEBUG 25467 --- [Food-Ordering-Application] [           main] org.hibernate.type.BasicTypeRegistry     : Adding type registration java.util.Currency -> org.hibernate.type.BasicTypeReference@2fd9fb34
2025-11-15T18:32:15.393+05:30 DEBUG 25467 --- [Food-Ordering-Application] [           main] org.hibernate.type.BasicTypeRegistry     : Adding type registration locale -> org.hibernate.type.BasicTypeReference@1595d2b2
2025-11-15T18:32:15.393+05:30 DEBUG 25467 --- [Food-Ordering-Application] [           main] org.hibernate.type.BasicTypeRegistry     : Adding type registration java.util.Locale -> org.hibernate.type.BasicTypeReference@1595d2b2
2025-11-15T18:32:15.393+05:30 DEBUG 25467 --- [Food-Ordering-Application] [           main] org.hibernate.type.BasicTypeRegistry     : Adding type registration serializable -> org.hibernate.type.BasicTypeReference@20349058
2025-11-15T18:32:15.394+05:30 DEBUG 25467 --- [Food-Ordering-Application] [           main] org.hibernate.type.BasicTypeRegistry     : Adding type registration java.io.Serializable -> org.hibernate.type.BasicTypeReference@20349058
2025-11-15T18:32:15.394+05:30 DEBUG 25467 --- [Food-Ordering-Application] [           main] org.hibernate.type.BasicTypeRegistry     : Adding type registration timezone -> org.hibernate.type.BasicTypeReference@6cbb7a7d
2025-11-15T18:32:15.394+05:30 DEBUG 25467 --- [Food-Ordering-Application] [           main] org.hibernate.type.BasicTypeRegistry     : Adding type registration java.util.TimeZone -> org.hibernate.type.BasicTypeReference@6cbb7a7d
2025-11-15T18:32:15.394+05:30 DEBUG 25467 --- [Food-Ordering-Application] [           main] org.hibernate.type.BasicTypeRegistry     : Adding type registration ZoneOffset -> org.hibernate.type.BasicTypeReference@cdb3c85
2025-11-15T18:32:15.394+05:30 DEBUG 25467 --- [Food-Ordering-Application] [           main] org.hibernate.type.BasicTypeRegistry     : Adding type registration java.time.ZoneOffset -> org.hibernate.type.BasicTypeReference@cdb3c85
2025-11-15T18:32:15.394+05:30 DEBUG 25467 --- [Food-Ordering-Application] [           main] org.hibernate.type.BasicTypeRegistry     : Adding type registration url -> org.hibernate.type.BasicTypeReference@37606fee
2025-11-15T18:32:15.394+05:30 DEBUG 25467 --- [Food-Ordering-Application] [           main] org.hibernate.type.BasicTypeRegistry     : Adding type registration java.net.URL -> org.hibernate.type.BasicTypeReference@37606fee
2025-11-15T18:32:15.394+05:30 DEBUG 25467 --- [Food-Ordering-Application] [           main] org.hibernate.type.BasicTypeRegistry     : Adding type registration vector -> org.hibernate.type.BasicTypeReference@33d28f0a
2025-11-15T18:32:15.394+05:30 DEBUG 25467 --- [Food-Ordering-Application] [           main] org.hibernate.type.BasicTypeRegistry     : Adding type registration float_vector -> org.hibernate.type.BasicTypeReference@48d739f
2025-11-15T18:32:15.394+05:30 DEBUG 25467 --- [Food-Ordering-Application] [           main] org.hibernate.type.BasicTypeRegistry     : Adding type registration double_vector -> org.hibernate.type.BasicTypeReference@51e7589f
2025-11-15T18:32:15.394+05:30 DEBUG 25467 --- [Food-Ordering-Application] [           main] org.hibernate.type.BasicTypeRegistry     : Adding type registration byte_vector -> org.hibernate.type.BasicTypeReference@65cc5252
2025-11-15T18:32:15.394+05:30 DEBUG 25467 --- [Food-Ordering-Application] [           main] org.hibernate.type.BasicTypeRegistry     : Adding type registration row_version -> org.hibernate.type.BasicTypeReference@42c12b3e
2025-11-15T18:32:15.397+05:30 DEBUG 25467 --- [Food-Ordering-Application] [           main] org.hibernate.type.BasicTypeRegistry     : Adding type registration object -> org.hibernate.type.JavaObjectType@1a914089
2025-11-15T18:32:15.397+05:30 DEBUG 25467 --- [Food-Ordering-Application] [           main] org.hibernate.type.BasicTypeRegistry     : Adding type registration java.lang.Object -> org.hibernate.type.JavaObjectType@1a914089
2025-11-15T18:32:15.398+05:30 DEBUG 25467 --- [Food-Ordering-Application] [           main] org.hibernate.type.BasicTypeRegistry     : Adding type registration null -> org.hibernate.type.NullType@52354202
2025-11-15T18:32:15.398+05:30 DEBUG 25467 --- [Food-Ordering-Application] [           main] org.hibernate.type.BasicTypeRegistry     : Adding type registration imm_date -> org.hibernate.type.BasicTypeReference@6b1321b7
2025-11-15T18:32:15.398+05:30 DEBUG 25467 --- [Food-Ordering-Application] [           main] org.hibernate.type.BasicTypeRegistry     : Adding type registration imm_time -> org.hibernate.type.BasicTypeReference@342ee097
2025-11-15T18:32:15.398+05:30 DEBUG 25467 --- [Food-Ordering-Application] [           main] org.hibernate.type.BasicTypeRegistry     : Adding type registration imm_timestamp -> org.hibernate.type.BasicTypeReference@6ac45c0c
2025-11-15T18:32:15.398+05:30 DEBUG 25467 --- [Food-Ordering-Application] [           main] org.hibernate.type.BasicTypeRegistry     : Adding type registration imm_calendar -> org.hibernate.type.BasicTypeReference@12192604
2025-11-15T18:32:15.398+05:30 DEBUG 25467 --- [Food-Ordering-Application] [           main] org.hibernate.type.BasicTypeRegistry     : Adding type registration imm_calendar_date -> org.hibernate.type.BasicTypeReference@6075b369
2025-11-15T18:32:15.398+05:30 DEBUG 25467 --- [Food-Ordering-Application] [           main] org.hibernate.type.BasicTypeRegistry     : Adding type registration imm_calendar_time -> org.hibernate.type.BasicTypeReference@231cdda8
2025-11-15T18:32:15.398+05:30 DEBUG 25467 --- [Food-Ordering-Application] [           main] org.hibernate.type.BasicTypeRegistry     : Adding type registration imm_binary -> org.hibernate.type.BasicTypeReference@6b70d1fb
2025-11-15T18:32:15.398+05:30 DEBUG 25467 --- [Food-Ordering-Application] [           main] org.hibernate.type.BasicTypeRegistry     : Adding type registration imm_serializable -> org.hibernate.type.BasicTypeReference@3002e397
2025-11-15T18:32:15.570+05:30  INFO 25467 --- [Food-Ordering-Application] [           main] o.s.o.j.p.SpringPersistenceUnitInfo      : No LoadTimeWeaver setup: ignoring JPA class transformer
2025-11-15T18:32:15.599+05:30  INFO 25467 --- [Food-Ordering-Application] [           main] com.zaxxer.hikari.HikariDataSource       : HikariPool-1 - Starting...
2025-11-15T18:32:15.770+05:30  INFO 25467 --- [Food-Ordering-Application] [           main] com.zaxxer.hikari.pool.HikariPool        : HikariPool-1 - Added connection com.mysql.cj.jdbc.ConnectionImpl@58b8f9e3
2025-11-15T18:32:15.771+05:30  INFO 25467 --- [Food-Ordering-Application] [           main] com.zaxxer.hikari.HikariDataSource       : HikariPool-1 - Start completed.
2025-11-15T18:32:15.812+05:30  WARN 25467 --- [Food-Ordering-Application] [           main] org.hibernate.orm.deprecation            : HHH90000025: MySQLDialect does not need to be specified explicitly using 'hibernate.dialect' (remove the property setting and it will be selected by default)
2025-11-15T18:32:15.825+05:30  INFO 25467 --- [Food-Ordering-Application] [           main] org.hibernate.orm.connections.pooling    : HHH10001005: Database info:
	Database JDBC URL [Connecting through datasource 'HikariDataSource (HikariPool-1)']
	Database driver: undefined/unknown
	Database version: 8.4.3
	Autocommit mode: undefined/unknown
	Isolation level: undefined/unknown
	Minimum pool size: undefined/unknown
	Maximum pool size: undefined/unknown
2025-11-15T18:32:15.832+05:30 DEBUG 25467 --- [Food-Ordering-Application] [           main] o.h.t.d.sql.spi.DdlTypeRegistry          : addDescriptor(12, org.hibernate.type.descriptor.sql.internal.CapacityDependentDdlType@f810c18) replaced previous registration(org.hibernate.type.descriptor.sql.internal.CapacityDependentDdlType@59f3426f)
2025-11-15T18:32:15.832+05:30 DEBUG 25467 --- [Food-Ordering-Application] [           main] o.h.t.d.sql.spi.DdlTypeRegistry          : addDescriptor(-9, org.hibernate.type.descriptor.sql.internal.CapacityDependentDdlType@120411ec) replaced previous registration(org.hibernate.type.descriptor.sql.internal.CapacityDependentDdlType@6cc8adff)
2025-11-15T18:32:15.832+05:30 DEBUG 25467 --- [Food-Ordering-Application] [           main] o.h.t.d.sql.spi.DdlTypeRegistry          : addDescriptor(-3, org.hibernate.type.descriptor.sql.internal.CapacityDependentDdlType@6b2e9db2) replaced previous registration(org.hibernate.type.descriptor.sql.internal.CapacityDependentDdlType@280d5a82)
2025-11-15T18:32:15.832+05:30 DEBUG 25467 --- [Food-Ordering-Application] [           main] o.h.t.d.sql.spi.DdlTypeRegistry          : addDescriptor(4003, org.hibernate.type.descriptor.sql.internal.DdlTypeImpl@1a34a51e) replaced previous registration(org.hibernate.type.descriptor.sql.internal.DdlTypeImpl@333a44f2)
2025-11-15T18:32:15.832+05:30 DEBUG 25467 --- [Food-Ordering-Application] [           main] o.h.t.d.sql.spi.DdlTypeRegistry          : addDescriptor(4001, org.hibernate.type.descriptor.sql.internal.DdlTypeImpl@2c668c2a) replaced previous registration(org.hibernate.type.descriptor.sql.internal.DdlTypeImpl@6efd0a6e)
2025-11-15T18:32:15.832+05:30 DEBUG 25467 --- [Food-Ordering-Application] [           main] o.h.t.d.sql.spi.DdlTypeRegistry          : addDescriptor(4002, org.hibernate.type.descriptor.sql.internal.DdlTypeImpl@51de5efa) replaced previous registration(org.hibernate.type.descriptor.sql.internal.DdlTypeImpl@30228de7)
2025-11-15T18:32:15.832+05:30 DEBUG 25467 --- [Food-Ordering-Application] [           main] o.h.t.d.sql.spi.DdlTypeRegistry          : addDescriptor(2004, org.hibernate.type.descriptor.sql.internal.CapacityDependentDdlType@28bd5015) replaced previous registration(org.hibernate.type.descriptor.sql.internal.DdlTypeImpl@2e159116)
2025-11-15T18:32:15.832+05:30 DEBUG 25467 --- [Food-Ordering-Application] [           main] o.h.t.d.sql.spi.DdlTypeRegistry          : addDescriptor(2005, org.hibernate.type.descriptor.sql.internal.CapacityDependentDdlType@d1f23a0) replaced previous registration(org.hibernate.type.descriptor.sql.internal.DdlTypeImpl@2976ca51)
2025-11-15T18:32:15.832+05:30 DEBUG 25467 --- [Food-Ordering-Application] [           main] o.h.t.d.sql.spi.DdlTypeRegistry          : addDescriptor(2011, org.hibernate.type.descriptor.sql.internal.CapacityDependentDdlType@6b091a92) replaced previous registration(org.hibernate.type.descriptor.sql.internal.DdlTypeImpl@6996bbc4)
2025-11-15T18:32:15.834+05:30 DEBUG 25467 --- [Food-Ordering-Application] [           main] o.h.t.d.jdbc.spi.JdbcTypeRegistry        : addDescriptor(NCharTypeDescriptor) replaced previous registration(CharTypeDescriptor)
2025-11-15T18:32:15.834+05:30 DEBUG 25467 --- [Food-Ordering-Application] [           main] o.h.t.d.jdbc.spi.JdbcTypeRegistry        : addDescriptor(NVarcharTypeDescriptor) replaced previous registration(VarcharTypeDescriptor)
2025-11-15T18:32:15.834+05:30 DEBUG 25467 --- [Food-Ordering-Application] [           main] o.h.t.d.jdbc.spi.JdbcTypeRegistry        : addDescriptor(LongNVarcharTypeDescriptor) replaced previous registration(LongVarcharTypeDescriptor)
2025-11-15T18:32:15.836+05:30 DEBUG 25467 --- [Food-Ordering-Application] [           main] o.h.t.d.jdbc.spi.JdbcTypeRegistry        : addDescriptor(NClobTypeDescriptor(DEFAULT)) replaced previous registration(ClobTypeDescriptor(DEFAULT))
2025-11-15T18:32:15.843+05:30 DEBUG 25467 --- [Food-Ordering-Application] [           main] org.hibernate.type.BasicTypeRegistry     : Adding type registration null -> org.hibernate.type.NullType@186481d4
2025-11-15T18:32:15.844+05:30 DEBUG 25467 --- [Food-Ordering-Application] [           main] org.hibernate.type.BasicTypeRegistry     : Type registration key [null] overrode previous entry : `org.hibernate.type.NullType@52354202`
2025-11-15T18:32:15.848+05:30 DEBUG 25467 --- [Food-Ordering-Application] [           main] org.hibernate.type.BasicTypeRegistry     : Adding type registration org.hibernate.type.DurationType -> basicType@1(java.time.Duration,3015)
2025-11-15T18:32:15.848+05:30 DEBUG 25467 --- [Food-Ordering-Application] [           main] org.hibernate.type.BasicTypeRegistry     : Adding type registration Duration -> basicType@1(java.time.Duration,3015)
2025-11-15T18:32:15.849+05:30 DEBUG 25467 --- [Food-Ordering-Application] [           main] org.hibernate.type.BasicTypeRegistry     : Adding type registration java.time.Duration -> basicType@1(java.time.Duration,3015)
2025-11-15T18:32:15.851+05:30 DEBUG 25467 --- [Food-Ordering-Application] [           main] org.hibernate.type.BasicTypeRegistry     : Adding type registration org.hibernate.type.OffsetDateTimeType -> basicType@2(java.time.OffsetDateTime,3003)
2025-11-15T18:32:15.852+05:30 DEBUG 25467 --- [Food-Ordering-Application] [           main] org.hibernate.type.BasicTypeRegistry     : Adding type registration OffsetDateTime -> basicType@2(java.time.OffsetDateTime,3003)
2025-11-15T18:32:15.852+05:30 DEBUG 25467 --- [Food-Ordering-Application] [           main] org.hibernate.type.BasicTypeRegistry     : Adding type registration java.time.OffsetDateTime -> basicType@2(java.time.OffsetDateTime,3003)
2025-11-15T18:32:15.852+05:30 DEBUG 25467 --- [Food-Ordering-Application] [           main] org.hibernate.type.BasicTypeRegistry     : Adding type registration org.hibernate.type.ZonedDateTimeType -> basicType@3(java.time.ZonedDateTime,3003)
2025-11-15T18:32:15.852+05:30 DEBUG 25467 --- [Food-Ordering-Application] [           main] org.hibernate.type.BasicTypeRegistry     : Adding type registration ZonedDateTime -> basicType@3(java.time.ZonedDateTime,3003)
2025-11-15T18:32:15.852+05:30 DEBUG 25467 --- [Food-Ordering-Application] [           main] org.hibernate.type.BasicTypeRegistry     : Adding type registration java.time.ZonedDateTime -> basicType@3(java.time.ZonedDateTime,3003)
2025-11-15T18:32:15.852+05:30 DEBUG 25467 --- [Food-Ordering-Application] [           main] org.hibernate.type.BasicTypeRegistry     : Adding type registration org.hibernate.type.OffsetTimeType -> basicType@4(java.time.OffsetTime,3007)
2025-11-15T18:32:15.852+05:30 DEBUG 25467 --- [Food-Ordering-Application] [           main] org.hibernate.type.BasicTypeRegistry     : Adding type registration OffsetTime -> basicType@4(java.time.OffsetTime,3007)
2025-11-15T18:32:15.853+05:30 DEBUG 25467 --- [Food-Ordering-Application] [           main] org.hibernate.type.BasicTypeRegistry     : Adding type registration java.time.OffsetTime -> basicType@4(java.time.OffsetTime,3007)
2025-11-15T18:32:15.854+05:30 DEBUG 25467 --- [Food-Ordering-Application] [           main] o.h.type.spi.TypeConfiguration$Scope     : Scoping TypeConfiguration [org.hibernate.type.spi.TypeConfiguration@76134b9b] to MetadataBuildingContext [org.hibernate.boot.internal.MetadataBuildingContextRootImpl@38667005]
2025-11-15T18:32:16.493+05:30  INFO 25467 --- [Food-Ordering-Application] [           main] o.h.e.t.j.p.i.JtaPlatformInitiator       : HHH000489: No JTA platform available (set 'hibernate.transaction.jta.platform' to enable JTA platform integration)
2025-11-15T18:32:16.493+05:30 DEBUG 25467 --- [Food-Ordering-Application] [           main] o.h.type.spi.TypeConfiguration$Scope     : Scoping TypeConfiguration [org.hibernate.type.spi.TypeConfiguration@76134b9b] to SessionFactoryImplementor [org.hibernate.internal.SessionFactoryImpl@6d4c7248]
2025-11-15T18:32:16.556+05:30 TRACE 25467 --- [Food-Ordering-Application] [           main] o.h.type.spi.TypeConfiguration$Scope     : Handling #sessionFactoryCreated from [org.hibernate.internal.SessionFactoryImpl@6d4c7248] for TypeConfiguration
2025-11-15T18:32:16.557+05:30  INFO 25467 --- [Food-Ordering-Application] [           main] j.LocalContainerEntityManagerFactoryBean : Initialized JPA EntityManagerFactory for persistence unit 'default'
2025-11-15T18:32:16.750+05:30  INFO 25467 --- [Food-Ordering-Application] [           main] o.s.d.j.r.query.QueryEnhancerFactory     : Hibernate is in classpath; If applicable, HQL parser will be used.
2025-11-15T18:32:16.925+05:30  WARN 25467 --- [Food-Ordering-Application] [           main] JpaBaseConfiguration$JpaWebConfiguration : spring.jpa.open-in-view is enabled by default. Therefore, database queries may be performed during view rendering. Explicitly configure spring.jpa.open-in-view to disable this warning
2025-11-15T18:32:17.154+05:30  WARN 25467 --- [Food-Ordering-Application] [           main] ion$DefaultTemplateResolverConfiguration : Cannot find template location: classpath:/templates/ (please add some templates, check your Thymeleaf configuration, or set spring.thymeleaf.check-template-location=false)
2025-11-15T18:32:17.278+05:30  INFO 25467 --- [Food-Ordering-Application] [           main] r$InitializeUserDetailsManagerConfigurer : Global AuthenticationManager configured with UserDetailsService bean with name inMemoryUserDetailsManager
2025-11-15T18:32:17.448+05:30  INFO 25467 --- [Food-Ordering-Application] [           main] n.j.F.FoodOrderingApplicationTests       : Started FoodOrderingApplicationTests in 3.487 seconds (process running for 4.097)
]]></system-out>
    <system-err><![CDATA[Mockito is currently self-attaching to enable the inline-mock-maker. This will no longer work in future releases of the JDK. Please add Mockito as an agent to your build what is described in Mockito's documentation: https://javadoc.io/doc/org.mockito/mockito-core/latest/org/mockito/Mockito.html#0.3
WARNING: A Java agent has been loaded dynamically (/Users/pasindumallawarachchi/.m2/repository/net/bytebuddy/byte-buddy-agent/1.15.11/byte-buddy-agent-1.15.11.jar)
WARNING: If a serviceability tool is in use, please run with -XX:+EnableDynamicAgentLoading to hide this warning
WARNING: If a serviceability tool is not in use, please run with -Djdk.instrument.traceUsage for more information
WARNING: Dynamic loading of agents will be disallowed by default in a future release
]]></system-err>
  </testcase>
</testsuite>